<?xml version="1.0" encoding="UTF-8"?>
<testng-results skipped="0" failed="0" total="1" passed="1">
  <reporter-output>
  </reporter-output>
  <suite name="Suite1" duration-ms="12" started-at="2013-10-12T13:17:57Z" finished-at="2013-10-12T13:17:57Z">
    <groups>
    </groups>
    <test name="Test1" duration-ms="12" started-at="2013-10-12T13:17:57Z" finished-at="2013-10-12T13:17:57Z">
      <class name="HelloWorld">
        <test-method status="PASS" signature="testMe()[pri:0, instance:HelloWorld@109b415c]" name="testMe" duration-ms="5" started-at="2013-10-12T18:47:57Z" finished-at="2013-10-12T18:47:57Z">
          <reporter-output>
          </reporter-output>
        </test-method> <!-- testMe -->
      </class> <!-- HelloWorld -->
    </test> <!-- Test1 -->
  </suite> <!-- Suite1 -->
</testng-results>
